<?xml version="1.0" encoding="UTF-8"?>
<testng-results skipped="0" failed="0" ignored="0" total="1" passed="1">
  <reporter-output>
  </reporter-output>
  <suite name="Default suite" duration-ms="24817" started-at="2020-01-13T14:25:02 EST" finished-at="2020-01-13T14:25:27 EST">
    <groups>
    </groups>
    <test name="Default test" duration-ms="24817" started-at="2020-01-13T14:25:02 EST" finished-at="2020-01-13T14:25:27 EST">
      <class name="com.ncl.tests.ShorExSearchTest">
        <test-method status="PASS" signature="setUp()[pri:0, instance:com.ncl.tests.ShorExSearchTest@5f282abb]" name="setUp" is-config="true" duration-ms="16156" started-at="2020-01-13T14:25:02 EST" finished-at="2020-01-13T14:25:19 EST">
          <reporter-output>
          </reporter-output>
        </test-method> <!-- setUp -->
        <test-method status="PASS" signature="ShorExSearchPagePrice0to30Test()[pri:0, instance:com.ncl.tests.ShorExSearchTest@5f282abb]" name="ShorExSearchPagePrice0to30Test" duration-ms="8618" started-at="2020-01-13T14:25:19 EST" finished-at="2020-01-13T14:25:27 EST">
          <reporter-output>
          </reporter-output>
        </test-method> <!-- ShorExSearchPagePrice0to30Test -->
        <test-method status="PASS" signature="tearDown()[pri:0, instance:com.ncl.tests.ShorExSearchTest@5f282abb]" name="tearDown" is-config="true" duration-ms="1" started-at="2020-01-13T14:25:27 EST" finished-at="2020-01-13T14:25:27 EST">
          <reporter-output>
          </reporter-output>
        </test-method> <!-- tearDown -->
      </class> <!-- com.ncl.tests.ShorExSearchTest -->
    </test> <!-- Default test -->
  </suite> <!-- Default suite -->
</testng-results>
