<?xml version="1.0" encoding="UTF-8"?>
<testng-results skipped="0" failed="0" ignored="0" total="1" passed="1">
  <reporter-output>
  </reporter-output>
  <suite name="Default suite" duration-ms="28692" started-at="2020-01-12T18:35:09 EST" finished-at="2020-01-12T18:35:37 EST">
    <groups>
    </groups>
    <test name="Default test" duration-ms="28692" started-at="2020-01-12T18:35:09 EST" finished-at="2020-01-12T18:35:37 EST">
      <class name="com.ncl.tests.ShorExSearchTest">
        <test-method status="PASS" signature="setUp()[pri:0, instance:com.ncl.tests.ShorExSearchTest@1e965684]" name="setUp" is-config="true" duration-ms="15015" started-at="2020-01-12T18:35:09 EST" finished-at="2020-01-12T18:35:24 EST">
          <reporter-output>
          </reporter-output>
        </test-method> <!-- setUp -->
        <test-method status="PASS" signature="ShorExSearchPagePrice0to30Test()[pri:1, instance:com.ncl.tests.ShorExSearchTest@1e965684]" name="ShorExSearchPagePrice0to30Test" duration-ms="12985" started-at="2020-01-12T18:35:24 EST" finished-at="2020-01-12T18:35:37 EST">
          <reporter-output>
          </reporter-output>
        </test-method> <!-- ShorExSearchPagePrice0to30Test -->
        <test-method status="PASS" signature="tearDown()[pri:0, instance:com.ncl.tests.ShorExSearchTest@1e965684]" name="tearDown" is-config="true" duration-ms="651" started-at="2020-01-12T18:35:37 EST" finished-at="2020-01-12T18:35:37 EST">
          <reporter-output>
          </reporter-output>
        </test-method> <!-- tearDown -->
      </class> <!-- com.ncl.tests.ShorExSearchTest -->
    </test> <!-- Default test -->
  </suite> <!-- Default suite -->
</testng-results>
